<?xml version="1.0" encoding="UTF-8"?>
<testng-results total="1" passed="1" failed="0" skipped="0">
  <reporter-output>
  </reporter-output>
  <suite started-at="2024-05-22T05:37:48Z" name="Default suite" finished-at="2024-05-22T05:38:33Z" duration-ms="44239">
    <groups>
      <group name="functionality">
        <method signature="UserReWomenTest.userRegistrationWoMenNonVeg()[pri:0, instance:userRegistrationTest.UserReWomenTest@5a7fe64f]" name="userRegistrationWoMenNonVeg" class="userRegistrationTest.UserReWomenTest"/>
      </group> <!-- functionality -->
    </groups>
    <test started-at="2024-05-22T05:37:48Z" name="Default test" finished-at="2024-05-22T05:38:33Z" duration-ms="44239">
      <class name="userRegistrationTest.UserReWomenTest">
        <test-method is-config="true" signature="landingPageUrl()[pri:0, instance:userRegistrationTest.UserReWomenTest@5a7fe64f]" started-at="2024-05-22T11:07:49Z" name="landingPageUrl" finished-at="2024-05-22T11:07:55Z" duration-ms="6580" status="PASS">
          <reporter-output>
          </reporter-output>
        </test-method> <!-- landingPageUrl -->
        <test-method signature="userRegistrationWoMenNonVeg()[pri:0, instance:userRegistrationTest.UserReWomenTest@5a7fe64f]" started-at="2024-05-22T11:07:55Z" name="userRegistrationWoMenNonVeg" finished-at="2024-05-22T11:08:32Z" duration-ms="37171" status="PASS">
          <reporter-output>
          </reporter-output>
        </test-method> <!-- userRegistrationWoMenNonVeg -->
        <test-method is-config="true" signature="tearDown()[pri:0, instance:userRegistrationTest.UserReWomenTest@5a7fe64f]" started-at="2024-05-22T11:08:32Z" name="tearDown" finished-at="2024-05-22T11:08:33Z" duration-ms="420" status="PASS">
          <reporter-output>
          </reporter-output>
        </test-method> <!-- tearDown -->
      </class> <!-- userRegistrationTest.UserReWomenTest -->
    </test> <!-- Default test -->
  </suite> <!-- Default suite -->
</testng-results>
